<?xml version="1.0" encoding="UTF-8"?>
<testsuite xmlns:xsi="http://www.w3.org/2001/XMLSchema-instance" xsi:noNamespaceSchemaLocation="https://maven.apache.org/surefire/maven-surefire-plugin/xsd/surefire-test-report.xsd" name="com.team0021.robotworlds.worldTest.PositionTest" time="0.233" tests="3" errors="0" skipped="0" failures="0">
  <properties>
[...]
</properties>
  <testcase name="insideRectangularRegion" classname="com.team0021.robotworlds.worldTest.PositionTest" time="0.144"/>
  <testcase name="shouldKnowXandY" classname="com.team0021.robotworlds.worldTest.PositionTest" time="0.012"/>
  <testcase name="equality" classname="com.team0021.robotworlds.worldTest.PositionTest" time="0.006"/>
</testsuite>